\BOOKMARK [0][-]{chapter.1}{\376\377\006\105\006\102\006\057\006\105\006\107}{}% 1
\BOOKMARK [1][-]{section.1.1}{\376\377\006\101\006\047\006\314\006\104\040\014\006\107\006\047\006\314\000\040\000P\000y\000t\000h\000o\000n}{chapter.1}% 2
\BOOKMARK [1][-]{section.1.2}{\376\377\000R\000e\000p\000o\000s\000i\000t\000o\000r\000y}{chapter.1}% 3
\BOOKMARK [0][-]{chapter.2}{\376\377\006\050\006\056\006\064\000\040\006\361\000:\000\040\006\057\006\061\006\110\006\106\006\314\006\047\006\050\006\314\000\040\006\104\006\047\006\257\006\061\006\047\006\106\006\230\000\040\006\110\000\040\006\047\006\063\006\176\006\104\006\047\006\314\006\106}{}% 4
\BOOKMARK [1][-]{section.2.1}{\376\377\006\064\006\061\006\055\000\040\006\105\006\063\006\046\006\104\006\107}{chapter.2}% 5
\BOOKMARK [1][-]{section.2.2}{\376\377\006\061\006\110\006\064\000\040\006\176\006\314\006\047\006\057\006\107\040\014\006\063\006\047\006\062\006\314}{chapter.2}% 6
\BOOKMARK [1][-]{section.2.3}{\376\377\006\251\006\057\000\040\000P\000y\000t\000h\000o\000n}{chapter.2}% 7
\BOOKMARK [1][-]{section.2.4}{\376\377\006\056\006\061\006\110\006\054\006\314\000\040\006\050\006\061\006\106\006\047\006\105\006\107}{chapter.2}% 8
\BOOKMARK [1][-]{section.2.5}{\376\377\006\066\006\047\006\050\006\067\006\107\040\014\006\314\000\040\006\057\006\102\006\314\006\102\000\040\006\104\006\047\006\257\006\061\006\047\006\106\006\230}{chapter.2}% 9
\BOOKMARK [1][-]{section.2.6}{\376\377\006\106\006\105\006\110\006\057\006\047\006\061}{chapter.2}% 10
\BOOKMARK [1][-]{section.2.7}{\376\377\006\052\006\055\006\104\006\314\006\104}{chapter.2}% 11
\BOOKMARK [0][-]{chapter.3}{\376\377\006\050\006\056\006\064\000\040\006\362\000:\000\040\006\052\006\055\006\104\006\314\006\104\000\040\006\062\006\105\006\047\006\106\000\040\006\047\006\054\006\061\006\047\000\040\006\047\006\062\000\040\000E\000x\000c\000e\000l}{}% 12
\BOOKMARK [1][-]{section.3.1}{\376\377\006\064\006\061\006\055\000\040\006\105\006\063\006\046\006\104\006\107}{chapter.3}% 13
\BOOKMARK [1][-]{section.3.2}{\376\377\006\251\006\057\000\040\000P\000y\000t\000h\000o\000n}{chapter.3}% 14
\BOOKMARK [1][-]{section.3.3}{\376\377\006\050\006\056\006\064\000\040\006\362\000-\006\047\006\104\006\101\000:\000\040\006\056\006\110\006\047\006\106\006\057\006\106\000\040\000E\000x\000c\000e\000l\000\040\006\110\000\040\006\061\006\063\006\105\000\040\006\106\006\105\006\110\006\057\006\047\006\061}{chapter.3}% 15
\BOOKMARK [1][-]{section.3.4}{\376\377\006\050\006\056\006\064\000\040\006\362\000-\006\050\000:\000\040\006\047\006\101\006\062\006\110\006\057\006\106\000\040\006\063\006\067\006\061\000\040\0007\0000\0000\000K\000B}{chapter.3}% 16
\BOOKMARK [1][-]{section.3.5}{\376\377\006\050\006\056\006\064\000\040\006\362\000-\006\054\000:\000\040\006\105\006\314\006\047\006\106\006\257\006\314\006\106\000\040\000A\000l\000g\000.\0002}{chapter.3}% 17
\BOOKMARK [0][-]{chapter.4}{\376\377\006\050\006\056\006\064\000\040\006\363\000:\000\040\006\047\006\106\006\052\006\257\006\061\006\047\006\104\040\014\006\257\006\314\006\061\006\314\000\040\000f\000\050\000x\000\051\000=\000e\000x\0002}{}% 18
\BOOKMARK [1][-]{section.4.1}{\376\377\006\064\006\061\006\055\000\040\006\105\006\063\006\046\006\104\006\107}{chapter.4}% 19
\BOOKMARK [1][-]{section.4.2}{\376\377\006\251\006\057\000\040\000P\000y\000t\000h\000o\000n}{chapter.4}% 20
\BOOKMARK [1][-]{section.4.3}{\376\377\006\050\006\056\006\064\000\040\006\363\000-\006\047\006\104\006\101\000:\000\040\006\060\006\110\006\062\006\106\006\102\006\107\040\014\006\047\006\314\000\040\006\110\000\040\006\063\006\314\006\105\006\063\006\110\006\106}{chapter.4}% 21
\BOOKMARK [1][-]{section.4.4}{\376\377\006\050\006\056\006\064\000\040\006\363\000-\006\050\000:\000\040\006\257\006\047\006\110\006\063\040\023\006\104\006\230\006\047\006\106\006\057\006\061\000\040\006\110\000\040\006\105\006\102\006\047\006\314\006\063\006\107}{chapter.4}% 22
\BOOKMARK [1][-]{section.4.5}{\376\377\006\052\006\055\006\104\006\314\006\104\000\040\006\105\006\102\006\047\006\314\006\063\006\107\040\014\006\047\006\314}{chapter.4}% 23
\BOOKMARK [0][-]{chapter.5}{\376\377\006\106\006\052\006\314\006\054\006\107\040\014\006\257\006\314\006\061\006\314}{}% 24
